Determining if the pthread_create exist failed with the following output:
Change Dir: /home/ytubun/Documents/ROS/catkin_ws/build/iq_sim/CMakeFiles/CMakeTmp

Run Build Command:"/usr/bin/make" "cmTC_4693f/fast"
/usr/bin/make -f CMakeFiles/cmTC_4693f.dir/build.make CMakeFiles/cmTC_4693f.dir/build
make[1]: Entering directory '/home/ytubun/Documents/ROS/catkin_ws/build/iq_sim/CMakeFiles/CMakeTmp'
Building C object CMakeFiles/cmTC_4693f.dir/CheckSymbolExists.c.o
/usr/bin/gcc-6    -o CMakeFiles/cmTC_4693f.dir/CheckSymbolExists.c.o   -c /home/ytubun/Documents/ROS/catkin_ws/build/iq_sim/CMakeFiles/CMakeTmp/CheckSymbolExists.c
Linking C executable cmTC_4693f
/usr/bin/cmake -E cmake_link_script CMakeFiles/cmTC_4693f.dir/link.txt --verbose=1
/usr/bin/gcc-6      -rdynamic CMakeFiles/cmTC_4693f.dir/CheckSymbolExists.c.o  -o cmTC_4693f 
CMakeFiles/cmTC_4693f.dir/CheckSymbolExists.c.o: In function `main':
CheckSymbolExists.c:(.text+0x1b): undefined reference to `pthread_create'
collect2: error: ld returned 1 exit status
CMakeFiles/cmTC_4693f.dir/build.make:97: recipe for target 'cmTC_4693f' failed
make[1]: *** [cmTC_4693f] Error 1
make[1]: Leaving directory '/home/ytubun/Documents/ROS/catkin_ws/build/iq_sim/CMakeFiles/CMakeTmp'
Makefile:126: recipe for target 'cmTC_4693f/fast' failed
make: *** [cmTC_4693f/fast] Error 2

File /home/ytubun/Documents/ROS/catkin_ws/build/iq_sim/CMakeFiles/CMakeTmp/CheckSymbolExists.c:
/* */
#include <pthread.h>

int main(int argc, char** argv)
{
  (void)argv;
#ifndef pthread_create
  return ((int*)(&pthread_create))[argc];
#else
  (void)argc;
  return 0;
#endif
}

Determining if the function pthread_create exists in the pthreads failed with the following output:
Change Dir: /home/ytubun/Documents/ROS/catkin_ws/build/iq_sim/CMakeFiles/CMakeTmp

Run Build Command:"/usr/bin/make" "cmTC_28d69/fast"
/usr/bin/make -f CMakeFiles/cmTC_28d69.dir/build.make CMakeFiles/cmTC_28d69.dir/build
make[1]: Entering directory '/home/ytubun/Documents/ROS/catkin_ws/build/iq_sim/CMakeFiles/CMakeTmp'
Building C object CMakeFiles/cmTC_28d69.dir/CheckFunctionExists.c.o
/usr/bin/gcc-6   -DCHECK_FUNCTION_EXISTS=pthread_create   -o CMakeFiles/cmTC_28d69.dir/CheckFunctionExists.c.o   -c /usr/share/cmake-3.10/Modules/CheckFunctionExists.c
Linking C executable cmTC_28d69
/usr/bin/cmake -E cmake_link_script CMakeFiles/cmTC_28d69.dir/link.txt --verbose=1
/usr/bin/gcc-6  -DCHECK_FUNCTION_EXISTS=pthread_create    -rdynamic CMakeFiles/cmTC_28d69.dir/CheckFunctionExists.c.o  -o cmTC_28d69 -lpthreads 
/usr/bin/x86_64-linux-gnu-ld: cannot find -lpthreads
collect2: error: ld returned 1 exit status
CMakeFiles/cmTC_28d69.dir/build.make:97: recipe for target 'cmTC_28d69' failed
make[1]: *** [cmTC_28d69] Error 1
make[1]: Leaving directory '/home/ytubun/Documents/ROS/catkin_ws/build/iq_sim/CMakeFiles/CMakeTmp'
Makefile:126: recipe for target 'cmTC_28d69/fast' failed
make: *** [cmTC_28d69/fast] Error 2


