Determining if the pthread_create exist failed with the following output:
Change Dir: /home/ubuntuuaspx4/Documents/ROS_learning/ros_ml/build/CMakeFiles/CMakeTmp

Run Build Command:"/usr/bin/make" "cmTC_97911/fast"
/usr/bin/make -f CMakeFiles/cmTC_97911.dir/build.make CMakeFiles/cmTC_97911.dir/build
make[1]: Entering directory '/home/ubuntuuaspx4/Documents/ROS_learning/ros_ml/build/CMakeFiles/CMakeTmp'
Building C object CMakeFiles/cmTC_97911.dir/CheckSymbolExists.c.o
/usr/lib/ccache/cc    -o CMakeFiles/cmTC_97911.dir/CheckSymbolExists.c.o   -c /home/ubuntuuaspx4/Documents/ROS_learning/ros_ml/build/CMakeFiles/CMakeTmp/CheckSymbolExists.c
Linking C executable cmTC_97911
/usr/bin/cmake -E cmake_link_script CMakeFiles/cmTC_97911.dir/link.txt --verbose=1
/usr/lib/ccache/cc      -rdynamic CMakeFiles/cmTC_97911.dir/CheckSymbolExists.c.o  -o cmTC_97911 
CMakeFiles/cmTC_97911.dir/CheckSymbolExists.c.o: In function `main':
CheckSymbolExists.c:(.text+0x1b): undefined reference to `pthread_create'
collect2: error: ld returned 1 exit status
CMakeFiles/cmTC_97911.dir/build.make:97: recipe for target 'cmTC_97911' failed
make[1]: *** [cmTC_97911] Error 1
make[1]: Leaving directory '/home/ubuntuuaspx4/Documents/ROS_learning/ros_ml/build/CMakeFiles/CMakeTmp'
Makefile:126: recipe for target 'cmTC_97911/fast' failed
make: *** [cmTC_97911/fast] Error 2

File /home/ubuntuuaspx4/Documents/ROS_learning/ros_ml/build/CMakeFiles/CMakeTmp/CheckSymbolExists.c:
/* */
#include <pthread.h>

int main(int argc, char** argv)
{
  (void)argv;
#ifndef pthread_create
  return ((int*)(&pthread_create))[argc];
#else
  (void)argc;
  return 0;
#endif
}

Determining if the function pthread_create exists in the pthreads failed with the following output:
Change Dir: /home/ubuntuuaspx4/Documents/ROS_learning/ros_ml/build/CMakeFiles/CMakeTmp

Run Build Command:"/usr/bin/make" "cmTC_10475/fast"
/usr/bin/make -f CMakeFiles/cmTC_10475.dir/build.make CMakeFiles/cmTC_10475.dir/build
make[1]: Entering directory '/home/ubuntuuaspx4/Documents/ROS_learning/ros_ml/build/CMakeFiles/CMakeTmp'
Building C object CMakeFiles/cmTC_10475.dir/CheckFunctionExists.c.o
/usr/lib/ccache/cc   -DCHECK_FUNCTION_EXISTS=pthread_create   -o CMakeFiles/cmTC_10475.dir/CheckFunctionExists.c.o   -c /usr/share/cmake-3.10/Modules/CheckFunctionExists.c
Linking C executable cmTC_10475
/usr/bin/cmake -E cmake_link_script CMakeFiles/cmTC_10475.dir/link.txt --verbose=1
/usr/lib/ccache/cc  -DCHECK_FUNCTION_EXISTS=pthread_create    -rdynamic CMakeFiles/cmTC_10475.dir/CheckFunctionExists.c.o  -o cmTC_10475 -lpthreads 
/usr/bin/ld: cannot find -lpthreads
collect2: error: ld returned 1 exit status
CMakeFiles/cmTC_10475.dir/build.make:97: recipe for target 'cmTC_10475' failed
make[1]: *** [cmTC_10475] Error 1
make[1]: Leaving directory '/home/ubuntuuaspx4/Documents/ROS_learning/ros_ml/build/CMakeFiles/CMakeTmp'
Makefile:126: recipe for target 'cmTC_10475/fast' failed
make: *** [cmTC_10475/fast] Error 2


